0 info it worked if it ends with ok
1 verbose cli [ 'C:\\Program Files (x86)\\nodejs\\node.exe',
1 verbose cli   'C:\\Program Files (x86)\\nodejs\\node_modules\\npm\\bin\\npm-cli.js',
1 verbose cli   'install' ]
2 info using npm@2.7.4
3 info using node@v0.12.2
4 verbose install where, deps [ 'C:\\CDN\\MyApps\\angular\\my-angular-template\\my-angular-template',
4 verbose install   [ 'bower',
4 verbose install     'http-server',
4 verbose install     'jasmine-core',
4 verbose install     'karma',
4 verbose install     'karma-chrome-launcher',
4 verbose install     'karma-firefox-launcher',
4 verbose install     'karma-jasmine',
4 verbose install     'karma-junit-reporter',
4 verbose install     'protractor',
4 verbose install     'shelljs' ] ]
5 verbose install where, peers [ 'C:\\CDN\\MyApps\\angular\\my-angular-template\\my-angular-template',
5 verbose install   [] ]
6 info preinstall angular-seed@0.0.0
7 verbose already installed skipping karma-firefox-launcher@^0.1.6 C:\CDN\MyApps\angular\my-angular-template\my-angular-template
8 verbose already installed skipping karma-jasmine@^0.3.5 C:\CDN\MyApps\angular\my-angular-template\my-angular-template
9 verbose already installed skipping karma-junit-reporter@^0.2.2 C:\CDN\MyApps\angular\my-angular-template\my-angular-template
10 verbose already installed skipping protractor@^2.1.0 C:\CDN\MyApps\angular\my-angular-template\my-angular-template
11 verbose already installed skipping shelljs@^0.2.6 C:\CDN\MyApps\angular\my-angular-template\my-angular-template
12 verbose already installed skipping bower@^1.3.1 C:\CDN\MyApps\angular\my-angular-template\my-angular-template
13 verbose already installed skipping http-server@^0.6.1 C:\CDN\MyApps\angular\my-angular-template\my-angular-template
14 verbose already installed skipping jasmine-core@^2.3.4 C:\CDN\MyApps\angular\my-angular-template\my-angular-template
15 verbose already installed skipping karma@~0.12 C:\CDN\MyApps\angular\my-angular-template\my-angular-template
16 verbose already installed skipping karma-chrome-launcher@^0.1.12 C:\CDN\MyApps\angular\my-angular-template\my-angular-template
17 silly install resolved []
18 info build C:\CDN\MyApps\angular\my-angular-template\my-angular-template
19 verbose linkStuff [ false,
19 verbose linkStuff   false,
19 verbose linkStuff   false,
19 verbose linkStuff   'C:\\CDN\\MyApps\\angular\\my-angular-template' ]
20 info linkStuff angular-seed@0.0.0
21 verbose linkBins angular-seed@0.0.0
22 verbose linkMans angular-seed@0.0.0
23 verbose rebuildBundles angular-seed@0.0.0
24 verbose rebuildBundles [ '.bin',
24 verbose rebuildBundles   'bower',
24 verbose rebuildBundles   'http-server',
24 verbose rebuildBundles   'jasmine-core',
24 verbose rebuildBundles   'karma',
24 verbose rebuildBundles   'karma-chrome-launcher',
24 verbose rebuildBundles   'karma-firefox-launcher',
24 verbose rebuildBundles   'karma-jasmine',
24 verbose rebuildBundles   'karma-junit-reporter',
24 verbose rebuildBundles   'protractor',
24 verbose rebuildBundles   'shelljs' ]
25 info install angular-seed@0.0.0
26 info postinstall angular-seed@0.0.0
27 verbose unsafe-perm in lifecycle true
28 info angular-seed@0.0.0 Failed to exec postinstall script
29 verbose stack Error: angular-seed@0.0.0 postinstall: `bower install`
29 verbose stack Exit status 1
29 verbose stack     at EventEmitter.<anonymous> (C:\Program Files (x86)\nodejs\node_modules\npm\lib\utils\lifecycle.js:213:16)
29 verbose stack     at EventEmitter.emit (events.js:110:17)
29 verbose stack     at ChildProcess.<anonymous> (C:\Program Files (x86)\nodejs\node_modules\npm\lib\utils\spawn.js:14:12)
29 verbose stack     at ChildProcess.emit (events.js:110:17)
29 verbose stack     at maybeClose (child_process.js:1015:16)
29 verbose stack     at Process.ChildProcess._handle.onexit (child_process.js:1087:5)
30 verbose pkgid angular-seed@0.0.0
31 verbose cwd C:\CDN\MyApps\angular\my-angular-template\my-angular-template
32 error Windows_NT 6.1.7601
33 error argv "C:\\Program Files (x86)\\nodejs\\node.exe" "C:\\Program Files (x86)\\nodejs\\node_modules\\npm\\bin\\npm-cli.js" "install"
34 error node v0.12.2
35 error npm  v2.7.4
36 error code ELIFECYCLE
37 error angular-seed@0.0.0 postinstall: `bower install`
37 error Exit status 1
38 error Failed at the angular-seed@0.0.0 postinstall script 'bower install'.
38 error This is most likely a problem with the angular-seed package,
38 error not with npm itself.
38 error Tell the author that this fails on your system:
38 error     bower install
38 error You can get their info via:
38 error     npm owner ls angular-seed
38 error There is likely additional logging output above.
39 verbose exit [ 1, true ]
